This is XeTeX, Version 3.14159265-2.6-0.99992 (MiKTeX 2.9) (preloaded format=xelatex 2016.4.6)  30 NOV 2016 09:58
entering extended mode
**./draft.tex
(draft.tex
LaTeX2e <2015/10/01> patch level 2
Babel <3.9n> and hyphenation patterns for 69 languages loaded.
("d:\Program Files (x86)\MiKTeX 2.9\tex\latex\elsarticle\elsarticle.cls"
Document Class: elsarticle 2009/09/17, 1.2.0: Elsevier Ltd
\@bls=\dimen102
("d:\Program Files (x86)\MiKTeX 2.9\tex\latex\base\article.cls"
Document Class: article 2014/09/29 v1.4h Standard LaTeX document class
("d:\Program Files (x86)\MiKTeX 2.9\tex\latex\base\size12.clo"
File: size12.clo 2014/09/29 v1.4h Standard LaTeX file (size option)
)
\c@part=\count79
\c@section=\count80
\c@subsection=\count81
\c@subsubsection=\count82
\c@paragraph=\count83
\c@subparagraph=\count84
\c@figure=\count85
\c@table=\count86
\abovecaptionskip=\skip41
\belowcaptionskip=\skip42
\bibindent=\dimen103
)
("d:\Program Files (x86)\MiKTeX 2.9\tex\latex\graphics\graphicx.sty"
Package: graphicx 2014/10/28 v1.0g Enhanced LaTeX Graphics (DPC,SPQR)

("d:\Program Files (x86)\MiKTeX 2.9\tex\latex\graphics\keyval.sty"
Package: keyval 2014/10/28 v1.15 key=value parser (DPC)
\KV@toks@=\toks14
)
("d:\Program Files (x86)\MiKTeX 2.9\tex\latex\graphics\graphics.sty"
Package: graphics 2014/10/28 v1.0p Standard LaTeX Graphics (DPC,SPQR)

("d:\Program Files (x86)\MiKTeX 2.9\tex\latex\graphics\trig.sty"
Package: trig 1999/03/16 v1.09 sin cos tan (DPC)
)
("d:\Program Files (x86)\MiKTeX 2.9\tex\latex\00miktex\graphics.cfg"
File: graphics.cfg 2007/01/18 v1.5 graphics configuration of teTeX/TeXLive
)
Package graphics Info: Driver file: xetex.def on input line 94.

("d:\Program Files (x86)\MiKTeX 2.9\tex\xelatex\xetex-def\xetex.def"
File: xetex.def 2015/09/11 v4.06 LaTeX color/graphics driver for XeTeX (TeX Liv
e/RRM/JK)

("d:\Program Files (x86)\MiKTeX 2.9\tex\generic\oberdiek\infwarerr.sty"
Package: infwarerr 2010/04/08 v1.3 Providing info/warning/error messages (HO)
)
("d:\Program Files (x86)\MiKTeX 2.9\tex\generic\oberdiek\ltxcmds.sty"
Package: ltxcmds 2011/11/09 v1.22 LaTeX kernel commands for general use (HO)
)))
\Gin@req@height=\dimen104
\Gin@req@width=\dimen105
)
("d:\Program Files (x86)\MiKTeX 2.9\tex\latex\psnfss\pifont.sty"
Package: pifont 2005/04/12 PSNFSS-v9.2a Pi font support (SPQR) 
LaTeX Font Info:    Try loading font information for U+pzd on input line 63.

("d:\Program Files (x86)\MiKTeX 2.9\tex\latex\psnfss\upzd.fd"
File: upzd.fd 2001/06/04 font definitions for U/pzd.
)
LaTeX Font Info:    Try loading font information for U+psy on input line 64.

("d:\Program Files (x86)\MiKTeX 2.9\tex\latex\psnfss\upsy.fd"
File: upsy.fd 2001/06/04 font definitions for U/psy.
))
\c@tnote=\count87
\c@fnote=\count88
\c@cnote=\count89
\c@ead=\count90
\c@author=\count91
\@eadauthor=\toks15
\c@affn=\count92
\absbox=\box26
\keybox=\box27
\Columnwidth=\dimen106
\space@left=\dimen107
\els@boxa=\box28
\els@boxb=\box29
\leftMargin=\dimen108
\@enLab=\toks16
\@sep=\skip43
\@@sep=\skip44
 (draft.spl)
("d:\Program Files (x86)\MiKTeX 2.9\tex\latex\natbib\natbib.sty"
Package: natbib 2010/09/13 8.31b (PWD, AO)
\bibhang=\skip45
\bibsep=\skip46
LaTeX Info: Redefining \cite on input line 694.
\c@NAT@ctr=\count93
)
\splwrite=\write3
\openout3 = `draft.spl'.


("d:\Program Files (x86)\MiKTeX 2.9\tex\latex\geometry\geometry.sty"
Package: geometry 2010/09/12 v5.6 Page Geometry

("d:\Program Files (x86)\MiKTeX 2.9\tex\generic\oberdiek\ifpdf.sty"
Package: ifpdf 2011/01/30 v2.3 Provides the ifpdf switch (HO)
Package ifpdf Info: pdfTeX in PDF mode is not detected.
)
("d:\Program Files (x86)\MiKTeX 2.9\tex\generic\oberdiek\ifvtex.sty"
Package: ifvtex 2010/03/01 v1.5 Detect VTeX and its facilities (HO)
Package ifvtex Info: VTeX not detected.
)
("d:\Program Files (x86)\MiKTeX 2.9\tex\generic\ifxetex\ifxetex.sty"
Package: ifxetex 2010/09/12 v0.6 Provides ifxetex conditional
)
\Gm@cnth=\count94
\Gm@cntv=\count95
\c@Gm@tempcnt=\count96
\Gm@bindingoffset=\dimen109
\Gm@wd@mp=\dimen110
\Gm@odd@mp=\dimen111
\Gm@even@mp=\dimen112
\Gm@layoutwidth=\dimen113
\Gm@layoutheight=\dimen114
\Gm@layouthoffset=\dimen115
\Gm@layoutvoffset=\dimen116
\Gm@dimlist=\toks17

("d:\Program Files (x86)\MiKTeX 2.9\tex\xelatex\xetexconfig\geometry.cfg")))
("d:\Program Files (x86)\MiKTeX 2.9\tex\latex\amsfonts\amssymb.sty"
Package: amssymb 2013/01/14 v3.01 AMS font symbols

("d:\Program Files (x86)\MiKTeX 2.9\tex\latex\amsfonts\amsfonts.sty"
Package: amsfonts 2013/01/14 v3.01 Basic AMSFonts support
\@emptytoks=\toks18
\symAMSa=\mathgroup4
\symAMSb=\mathgroup5
LaTeX Font Info:    Overwriting math alphabet `\mathfrak' in version `bold'
(Font)                  U/euf/m/n --> U/euf/b/n on input line 106.
))
("d:\Program Files (x86)\MiKTeX 2.9\tex\latex\amsmath\amsmath.sty"
Package: amsmath 2013/01/14 v2.14 AMS math features
\@mathmargin=\skip47

For additional information on amsmath, use the `?' option.
("d:\Program Files (x86)\MiKTeX 2.9\tex\latex\amsmath\amstext.sty"
Package: amstext 2000/06/29 v2.01

("d:\Program Files (x86)\MiKTeX 2.9\tex\latex\amsmath\amsgen.sty"
File: amsgen.sty 1999/11/30 v2.0
\@emptytoks=\toks19
\ex@=\dimen117
))
("d:\Program Files (x86)\MiKTeX 2.9\tex\latex\amsmath\amsbsy.sty"
Package: amsbsy 1999/11/29 v1.2d
\pmbraise@=\dimen118
)
("d:\Program Files (x86)\MiKTeX 2.9\tex\latex\amsmath\amsopn.sty"
Package: amsopn 1999/12/14 v2.01 operator names
)
\inf@bad=\count97
LaTeX Info: Redefining \frac on input line 210.
\uproot@=\count98
\leftroot@=\count99
LaTeX Info: Redefining \overline on input line 306.
\classnum@=\count100
\DOTSCASE@=\count101
LaTeX Info: Redefining \ldots on input line 378.
LaTeX Info: Redefining \dots on input line 381.
LaTeX Info: Redefining \cdots on input line 466.
\Mathstrutbox@=\box30
\strutbox@=\box31
\big@size=\dimen119
LaTeX Font Info:    Redeclaring font encoding OML on input line 566.
LaTeX Font Info:    Redeclaring font encoding OMS on input line 567.
\macc@depth=\count102
\c@MaxMatrixCols=\count103
\dotsspace@=\muskip10
\c@parentequation=\count104
\dspbrk@lvl=\count105
\tag@help=\toks20
\row@=\count106
\column@=\count107
\maxfields@=\count108
\andhelp@=\toks21
\eqnshift@=\dimen120
\alignsep@=\dimen121
\tagshift@=\dimen122
\tagwidth@=\dimen123
\totwidth@=\dimen124
\lineht@=\dimen125
\@envbody=\toks22
\multlinegap=\skip48
\multlinetaggap=\skip49
\mathdisplay@stack=\toks23
LaTeX Info: Redefining \[ on input line 2665.
LaTeX Info: Redefining \] on input line 2666.
) (draft.aux)
\openout1 = `draft.aux'.

LaTeX Font Info:    Checking defaults for OML/cmm/m/it on input line 66.
LaTeX Font Info:    ... okay on input line 66.
LaTeX Font Info:    Checking defaults for T1/cmr/m/n on input line 66.
LaTeX Font Info:    ... okay on input line 66.
LaTeX Font Info:    Checking defaults for OT1/cmr/m/n on input line 66.
LaTeX Font Info:    ... okay on input line 66.
LaTeX Font Info:    Checking defaults for OMS/cmsy/m/n on input line 66.
LaTeX Font Info:    ... okay on input line 66.
LaTeX Font Info:    Checking defaults for OMX/cmex/m/n on input line 66.
LaTeX Font Info:    ... okay on input line 66.
LaTeX Font Info:    Checking defaults for U/cmr/m/n on input line 66.
LaTeX Font Info:    ... okay on input line 66.
*geometry* detected driver: pdftex
*geometry* verbose mode - [ preamble ] result:
* driver: pdftex
* paper: custom
* layout: <same size as paper>
* layoutoffset:(h,v)=(0.0pt,0.0pt)
* hratio: 1:1
* vratio: 1:1
* modes: 
* h-part:(L,W,R)=(64.75394pt, 468.0pt, 64.75394pt)
* v-part:(T,H,B)=(111.52342pt, 622.0pt, 111.52342pt)
* \paperwidth=597.50787pt
* \paperheight=845.04684pt
* \textwidth=468.0pt
* \textheight=622.0pt
* \oddsidemargin=-7.51605pt
* \evensidemargin=-7.51605pt
* \topmargin=-22.74657pt
* \headheight=50.0pt
* \headsep=12.0pt
* \topskip=12.0pt
* \footskip=18.0pt
* \marginparwidth=44.0pt
* \marginparsep=10.0pt
* \columnsep=24.0pt
* \skip\footins=24.0pt plus 2.0pt minus 12.0pt
* \hoffset=0.0pt
* \voffset=0.0pt
* \mag=1000
* \@twocolumnfalse
* \@twosidefalse
* \@mparswitchfalse
* \@reversemarginfalse
* (1in=72.27pt=25.4mm, 1cm=28.453pt)

Missing character: There is no ’ in font cmr12!
LaTeX Font Info:    Try loading font information for U+msa on input line 101.
("d:\Program Files (x86)\MiKTeX 2.9\tex\latex\amsfonts\umsa.fd"
File: umsa.fd 2013/01/14 v3.01 AMS symbols A
)
LaTeX Font Info:    Try loading font information for U+msb on input line 101.

("d:\Program Files (x86)\MiKTeX 2.9\tex\latex\amsfonts\umsb.fd"
File: umsb.fd 2013/01/14 v3.01 AMS symbols B
)

Package natbib Warning: Citation `Gracia-LázaroCuesta-18325' on page 1 undefine
d on input line 137.


Package natbib Warning: Citation `WangSzolnoki-18337' on page 1 undefined on in
put line 139.

[1

]
Missing character: There is no ’ in font cmr12!
Missing character: There is no ´ in font cmr12!
Missing character: There is no – in font cmr12!
 [2] [3]
Missing character: There is no ’ in font cmr12!
File: ./figure/powerlaw_degree_dist.eps Graphic file (type eps)
 <./figure/powerlaw_degree_dist.eps>
LaTeX Font Info:    Try loading font information for OMS+cmr on input line 270.


("d:\Program Files (x86)\MiKTeX 2.9\tex\latex\base\omscmr.fd"
File: omscmr.fd 2014/09/29 v2.5h Standard LaTeX font definitions
)
LaTeX Font Info:    Font shape `OMS/cmr/m/n' in size <12> not available
(Font)              Font shape `OMS/cmsy/m/n' tried instead on input line 270.
 [4]
Missing character: There is no ’ in font cmr12!
Missing character: There is no ü in font cmr12!
 [5] [6]
File: ./figure/Powerlaw_k2_centrality_correlation.eps Graphic file (type eps)

<./figure/Powerlaw_k2_centrality_correlation.eps>
File: ./figure/Powerlaw_k8_centrality_correlation.eps Graphic file (type eps)

<./figure/Powerlaw_k8_centrality_correlation.eps>
Missing character: There is no á in font cmr12!
Missing character: There is no ’ in font cmr12!
 [7] [8] [9]
File: ./figure/powerlawK2468TSPanel.png Graphic file (type QTm)

<use  "./figure/powerlawK2468TSPanel.png" >
File: ./figure/powerlawK23TSPanel.png Graphic file (type QTm)

<use  "./figure/powerlawK23TSPanel.png" > [10] [11] [12]
File: ./figure/PowerlawK2TopRankTSPanel.png Graphic file (type QTm)

<use  "./figure/PowerlawK2TopRankTSPanel.png" >
File: ./figure/PowerlawK2.7TopRankTSPanel.png Graphic file (type QTm)

<use  "./figure/PowerlawK2.7TopRankTSPanel.png" >
File: ./figure/PowerlawK4TopRankTSPanel.png Graphic file (type QTm)

<use  "./figure/PowerlawK4TopRankTSPanel.png" >
File: ./figure/PowerlawK8TopRankTSPanel.png Graphic file (type QTm)

<use  "./figure/PowerlawK8TopRankTSPanel.png" >
File: ./figure/init_vs_stable_coop_density.eps Graphic file (type eps)

<./figure/init_vs_stable_coop_density.eps>

Package natbib Warning: Citation `CiminiSanchez-18359' on page 13 undefined on 
input line 571.


Package natbib Warning: Citation `Gracia-LázaroCuesta-18325' on page 13 undefin
ed on input line 571.

Missing character: There is no ’ in font cmr12!
[13] [14] [15] [16] [17] [18]
File: ./figure/PowerlawK2RankUpdate.png Graphic file (type QTm)
 <use  "./figure/PowerlawK2RankUpdate.png" >
File: ./figure/PowerlawK2.7RankUpdate.png Graphic file (type QTm)

<use  "./figure/PowerlawK2.7RankUpdate.png" >
File: ./figure/PowerlawK4RankUpdate.png Graphic file (type QTm)

<use  "./figure/PowerlawK4RankUpdate.png" >
File: ./figure/PowerlawK8RankUpdate.png Graphic file (type QTm)

<use  "./figure/PowerlawK8RankUpdate.png" >
File: ./figure/Powerlawk3PayoffUpdate.eps Graphic file (type eps)

<./figure/Powerlawk3PayoffUpdate.eps>
File: ./figure/Powerlawk3centralityUpdate.eps Graphic file (type eps)

<./figure/Powerlawk3centralityUpdate.eps>
File: ./figure/Powerlawk3centralityUpdateDetails.eps Graphic file (type eps)

<./figure/Powerlawk3centralityUpdateDetails.eps> (draft.bbl [19] [20] [21]
[22] [23] [24] [25]
Missing character: There is no ó in font cmr10!
Missing character: There is no ñ in font cmr10!
Missing character: There is no í in font cmr10!
Missing character: There is no á in font cmr10!
Missing character: There is no × in font cmr10!
Missing character: There is no á in font cmr10!
Missing character: There is no á in font cmr10!
Missing character: There is no ó in font cmr10!
Missing character: There is no ñ in font cmr10!
Missing character: There is no á in font cmr10!
Missing character: There is no á in font cmr10!
Missing character: There is no ‘ in font cmr10!
Missing character: There is no ’ in font cmr10!
Missing character: There is no á in font cmr10!
 [26]
Missing character: There is no ó in font cmr10!
Missing character: There is no ñ in font cmr10!
Missing character: There is no í in font cmr10!
Missing character: There is no Š in font cmr10!
Missing character: There is no ć in font cmr10!
Missing character: There is no č in font cmr10!
Missing character: There is no ć in font cmr10!
Missing character: There is no Š in font cmr10!
Missing character: There is no č in font cmr10!
Missing character: There is no ć in font cmr10!
Missing character: There is no — in font cmr10!
Missing character: There is no ó in font cmr10!
Missing character: There is no ő in font cmr10!
Missing character: There is no ’ in font cmr10!
Missing character: There is no ä in font cmr10!
Missing character: There is no ü in font cmr10!
Missing character: There is no ü in font cmr10!
Missing character: There is no ‘ in font cmr10!
Missing character: There is no ’ in font cmr10!
Missing character: There is no á in font cmr10!
Missing character: There is no ó in font cmr10!
Missing character: There is no á in font cmr10!
Missing character: There is no ’ in font cmr10!
)

Package natbib Warning: There were undefined citations.

[27] (draft.aux) ) 
Here is how much of TeX's memory you used:
 3000 strings out of 428721
 38217 string characters out of 3163015
 105575 words of memory out of 3000000
 6315 multiletter control sequences out of 15000+200000
 12490 words of font info for 48 fonts, out of 3000000 for 9000
 1096 hyphenation exceptions out of 8191
 34i,13n,30p,621b,363s stack positions out of 5000i,500n,10000p,200000b,50000s

Output written on draft.pdf (27 pages).
